c:\users\daniel\onedrive\desktop\uni\yr3\kf6017\assignment\kf6017-project\code\debug\vc143.pdb
c:\users\daniel\onedrive\desktop\uni\yr3\kf6017\assignment\kf6017-project\code\debug\vc143.idb
c:\users\daniel\onedrive\desktop\uni\yr3\kf6017\assignment\kf6017-project\code\debug\wincode.obj
c:\users\daniel\onedrive\desktop\uni\yr3\kf6017\assignment\kf6017-project\code\debug\vector2d.obj
c:\users\daniel\onedrive\desktop\uni\yr3\kf6017\assignment\kf6017-project\code\debug\shapes.obj
c:\users\daniel\onedrive\desktop\uni\yr3\kf6017\assignment\kf6017-project\code\debug\mysoundengine.obj
c:\users\daniel\onedrive\desktop\uni\yr3\kf6017\assignment\kf6017-project\code\debug\myinputs.obj
c:\users\daniel\onedrive\desktop\uni\yr3\kf6017\assignment\kf6017-project\code\debug\mydrawengine.obj
c:\users\daniel\onedrive\desktop\uni\yr3\kf6017\assignment\kf6017-project\code\debug\gametimer.obj
c:\users\daniel\onedrive\desktop\uni\yr3\kf6017\assignment\kf6017-project\code\debug\gamecode.obj
c:\users\daniel\onedrive\desktop\uni\yr3\kf6017\assignment\kf6017-project\code\debug\errorlogger.obj
c:\users\daniel\onedrive\desktop\uni\yr3\kf6017\assignment\kf6017-project\code\debug\camera.obj
c:\users\daniel\onedrive\desktop\uni\yr3\kf6017\assignment\kf6017-project\code\debug\code.ilk
c:\users\daniel\onedrive\desktop\uni\yr3\kf6017\assignment\kf6017-project\debug\code.exe
c:\users\daniel\onedrive\desktop\uni\yr3\kf6017\assignment\kf6017-project\debug\code.pdb
c:\users\daniel\onedrive\desktop\uni\yr3\kf6017\assignment\kf6017-project\code\debug\code.tlog\cl.command.1.tlog
c:\users\daniel\onedrive\desktop\uni\yr3\kf6017\assignment\kf6017-project\code\debug\code.tlog\cl.read.1.tlog
c:\users\daniel\onedrive\desktop\uni\yr3\kf6017\assignment\kf6017-project\code\debug\code.tlog\cl.write.1.tlog
c:\users\daniel\onedrive\desktop\uni\yr3\kf6017\assignment\kf6017-project\code\debug\code.tlog\link.command.1.tlog
c:\users\daniel\onedrive\desktop\uni\yr3\kf6017\assignment\kf6017-project\code\debug\code.tlog\link.read.1.tlog
c:\users\daniel\onedrive\desktop\uni\yr3\kf6017\assignment\kf6017-project\code\debug\code.tlog\link.write.1.tlog
