c:\users\grant\downloads\dan stuff\kf6017-project\build\vc143.pdb
c:\users\grant\downloads\dan stuff\kf6017-project\build\vc143.idb
c:\users\grant\downloads\dan stuff\kf6017-project\build\wincode.obj
c:\users\grant\downloads\dan stuff\kf6017-project\build\vector2d.obj
c:\users\grant\downloads\dan stuff\kf6017-project\build\trappedplatform.obj
c:\users\grant\downloads\dan stuff\kf6017-project\build\trap.obj
c:\users\grant\downloads\dan stuff\kf6017-project\build\shapes.obj
c:\users\grant\downloads\dan stuff\kf6017-project\build\player.obj
c:\users\grant\downloads\dan stuff\kf6017-project\build\platform.obj
c:\users\grant\downloads\dan stuff\kf6017-project\build\mysoundengine.obj
c:\users\grant\downloads\dan stuff\kf6017-project\build\myinputs.obj
c:\users\grant\downloads\dan stuff\kf6017-project\build\mydrawengine.obj
c:\users\grant\downloads\dan stuff\kf6017-project\build\gametimer.obj
c:\users\grant\downloads\dan stuff\kf6017-project\build\gamecode.obj
c:\users\grant\downloads\dan stuff\kf6017-project\build\exit.obj
c:\users\grant\downloads\dan stuff\kf6017-project\build\errorlogger.obj
c:\users\grant\downloads\dan stuff\kf6017-project\build\destroyed.obj
c:\users\grant\downloads\dan stuff\kf6017-project\build\camera.obj
c:\users\grant\downloads\dan stuff\kf6017-project\build\code.ilk
c:\users\grant\downloads\dan stuff\kf6017-project\build\code.exe
c:\users\grant\downloads\dan stuff\kf6017-project\build\code.pdb
c:\users\grant\downloads\dan stuff\kf6017-project\\build\code.pdb
c:\users\grant\downloads\dan stuff\kf6017-project\\build\code.ilk
c:\users\grant\downloads\dan stuff\kf6017-project\\build\code.vcxproj.filelistabsolute.txt
c:\users\grant\downloads\dan stuff\kf6017-project\build\code.tlog\cl.command.1.tlog
c:\users\grant\downloads\dan stuff\kf6017-project\build\code.tlog\cl.read.1.tlog
c:\users\grant\downloads\dan stuff\kf6017-project\build\code.tlog\cl.write.1.tlog
c:\users\grant\downloads\dan stuff\kf6017-project\build\code.tlog\link.command.1.tlog
c:\users\grant\downloads\dan stuff\kf6017-project\build\code.tlog\link.read.1.tlog
c:\users\grant\downloads\dan stuff\kf6017-project\build\code.tlog\link.write.1.tlog
